0 info it worked if it ends with ok
1 verbose cli [ 'node', '/usr/local/bin/npm', 'install', 'gunt', '-g' ]
2 info using npm@1.3.2
3 info using node@v0.10.13
4 verbose cache add [ 'gunt', null ]
5 verbose cache add name=undefined spec="gunt" args=["gunt",null]
6 verbose parsed url { protocol: null,
6 verbose parsed url   slashes: null,
6 verbose parsed url   auth: null,
6 verbose parsed url   host: null,
6 verbose parsed url   port: null,
6 verbose parsed url   hostname: null,
6 verbose parsed url   hash: null,
6 verbose parsed url   search: null,
6 verbose parsed url   query: null,
6 verbose parsed url   pathname: 'gunt',
6 verbose parsed url   path: 'gunt',
6 verbose parsed url   href: 'gunt' }
7 silly lockFile f694969f-gunt gunt
8 verbose lock gunt /Users/rk7fd3s/.npm/f694969f-gunt.lock
9 silly lockFile f694969f-gunt gunt
10 silly lockFile f694969f-gunt gunt
11 verbose addNamed [ 'gunt', '' ]
12 verbose addNamed [ null, '*' ]
13 silly lockFile fe790da9-gunt gunt@
14 verbose lock gunt@ /Users/rk7fd3s/.npm/fe790da9-gunt.lock
15 silly addNameRange { name: 'gunt', range: '*', hasData: false }
16 verbose url raw gunt
17 verbose url resolving [ 'https://registry.npmjs.org/', './gunt' ]
18 verbose url resolved https://registry.npmjs.org/gunt
19 info trying registry request attempt 1 at 17:22:07
20 http GET https://registry.npmjs.org/gunt
21 http 404 https://registry.npmjs.org/gunt
22 silly registry.get cb [ 404,
22 silly registry.get   { date: 'Mon, 17 Feb 2014 08:22:08 GMT',
22 silly registry.get     server: 'CouchDB/1.5.0 (Erlang OTP/R16B)',
22 silly registry.get     'content-type': 'application/json',
22 silly registry.get     via: '1.1 varnish',
22 silly registry.get     'cache-control': 'max-age=0',
22 silly registry.get     'content-length': '52',
22 silly registry.get     'accept-ranges': 'bytes',
22 silly registry.get     age: '0',
22 silly registry.get     'x-served-by': 'cache-v36-ASH, cache-ty66-TYO',
22 silly registry.get     'x-cache': 'MISS, MISS',
22 silly registry.get     'x-cache-hits': '0, 0',
22 silly registry.get     'x-timer': 'S1392625327.990774632,VS0,VS88,VE175,VE259',
22 silly registry.get     'keep-alive': 'timeout=10, max=50',
22 silly registry.get     connection: 'Keep-Alive' } ]
23 silly lockFile fe790da9-gunt gunt@
24 silly lockFile fe790da9-gunt gunt@
25 error 404 'gunt' is not in the npm registry.
25 error 404 You should bug the author to publish it
25 error 404
25 error 404 Note that you can also install from a
25 error 404 tarball, folder, or http url, or git url.
26 error System Darwin 13.0.0
27 error command "node" "/usr/local/bin/npm" "install" "gunt" "-g"
28 error cwd /Users/rk7fd3s/Public/nodewebkit
29 error node -v v0.10.13
30 error npm -v 1.3.2
31 error code E404
32 verbose exit [ 1, true ]
